#
# There is insufficient memory for the Java Runtime Environment to continue.
# Native memory allocation (malloc) failed to allocate 35296 bytes for Chunk::new
# Possible reasons:
#   The system is out of physical RAM or swap space
#   In 32 bit mode, the process size limit was hit
# Possible solutions:
#   Reduce memory load on the system
#   Increase physical memory or swap space
#   Check if swap backing store is full
#   Use 64 bit Java on a 64 bit OS
#   Decrease Java heap size (-Xmx/-Xms)
#   Decrease number of Java threads
#   Decrease Java thread stack sizes (-Xss)
#   Set larger code cache with -XX:ReservedCodeCacheSize=
# This output file may be truncated or incomplete.
#
#  Out of Memory Error (allocation.cpp:390), pid=11216, tid=0x0000000000001684
#
# JRE version: Java(TM) SE Runtime Environment (8.0_191-b12) (build 1.8.0_191-b12)
# Java VM: Java HotSpot(TM) 64-Bit Server VM (25.191-b12 mixed mode windows-amd64 compressed oops)
# Failed to write core dump. Minidumps are not enabled by default on client versions of Windows
#

---------------  T H R E A D  ---------------

Current thread (0x000000001be93800):  JavaThread "C2 CompilerThread0" daemon [_thread_in_native, id=5764, stack(0x000000001d4e0000,0x000000001d5e0000)]

Stack: [0x000000001d4e0000,0x000000001d5e0000]
[error occurred during error reporting (printing stack bounds), id 0xc0000005]

Native frames: (J=compiled Java code, j=interpreted, Vv=VM code, C=native code)


Current CompileTask:
C2:  28423 6232   !   4       net.minecraftforge.fml.common.eventhandler.EventBus::post (99 bytes)


---------------  P R O C E S S  ---------------

Java Threads: ( => current thread )
  0x000000001ed1d800 JavaThread "Netty Server IO #0" daemon [_thread_in_native, id=4724, stack(0x0000000032d00000,0x0000000032e00000)]
  0x000000001f5f6000 JavaThread "D3D Screen Updater" daemon [_thread_blocked, id=10460, stack(0x000000002fee0000,0x000000002ffe0000)]
  0x000000002076f800 JavaThread "Server console handler" daemon [_thread_in_native, id=9736, stack(0x000000002fde0000,0x000000002fee0000)]
  0x0000000002736000 JavaThread "DestroyJavaVM" [_thread_blocked, id=1836, stack(0x0000000002630000,0x0000000002730000)]
  0x000000001f3c0000 JavaThread "Server thread" [_thread_in_native, id=12348, stack(0x000000002fce0000,0x000000002fde0000)]
  0x000000001f049800 JavaThread "TimerQueue" daemon [_thread_blocked, id=5128, stack(0x00000000264e0000,0x00000000265e0000)]
  0x000000001f049000 JavaThread "Thread-3" daemon [_thread_blocked, id=516, stack(0x00000000263e0000,0x00000000264e0000)]
  0x000000001f5a2000 JavaThread "AWT-EventQueue-0" [_thread_blocked, id=3752, stack(0x0000000024620000,0x0000000024720000)]
  0x0000000021aaf800 JavaThread "AWT-Windows" daemon [_thread_in_native, id=10440, stack(0x0000000024520000,0x0000000024620000)]
  0x0000000021aae800 JavaThread "AWT-Shutdown" [_thread_blocked, id=5876, stack(0x0000000022d80000,0x0000000022e80000)]
  0x000000001f60e800 JavaThread "Java2D Disposer" daemon [_thread_blocked, id=11312, stack(0x0000000022a00000,0x0000000022b00000)]
  0x00000000200e8800 JavaThread "Server Infinisleeper" daemon [_thread_blocked, id=11328, stack(0x00000000215f0000,0x00000000216f0000)]
  0x000000001ec38000 JavaThread "Snooper Timer" daemon [_thread_blocked, id=3556, stack(0x000000001fef0000,0x000000001fff0000)]
  0x000000001d5eb000 JavaThread "Service Thread" daemon [_thread_blocked, id=7812, stack(0x000000001dbe0000,0x000000001dce0000)]
  0x000000001d5e5800 JavaThread "C1 CompilerThread2" daemon [_thread_blocked, id=12480, stack(0x000000001dae0000,0x000000001dbe0000)]
  0x000000001d5e2800 JavaThread "C2 CompilerThread1" daemon [_thread_blocked, id=9740, stack(0x000000001d9e0000,0x000000001dae0000)]
=>0x000000001be93800 JavaThread "C2 CompilerThread0" daemon [_thread_in_native, id=5764, stack(0x000000001d4e0000,0x000000001d5e0000)]
  0x000000001be92000 JavaThread "Attach Listener" daemon [_thread_blocked, id=12668, stack(0x000000001d3e0000,0x000000001d4e0000)]
  0x000000001be91000 JavaThread "Signal Dispatcher" daemon [_thread_blocked, id=10200, stack(0x000000001d2e0000,0x000000001d3e0000)]
  0x0000000002829000 JavaThread "Finalizer" daemon [_thread_blocked, id=7260, stack(0x000000001d0e0000,0x000000001d1e0000)]
  0x0000000002826000 JavaThread "Reference Handler" daemon [_thread_blocked, id=10320, stack(0x000000001cfe0000,0x000000001d0e0000)]

Other Threads:
  0x000000001be57800 VMThread [stack: 0x000000001cee0000,0x000000001cfe0000] [id=12720]
  0x000000001d5fc800 WatcherThread [stack: 0x000000001dce0000,0x000000001dde0000] [id=8780]

VM state:not at safepoint (normal execution)

VM Mutex/Monitor currently owned by a thread: None

Heap:
 PSYoungGen      total 1085952K, used 21987K [0x000000076af00000, 0x00000007afc80000, 0x00000007c0000000)
  eden space 1043968K, 1% used [0x000000076af00000,0x000000076c1b0dc0,0x00000007aaa80000)
  from space 41984K, 6% used [0x00000007ad380000,0x00000007ad648000,0x00000007afc80000)
  to   space 41984K, 0% used [0x00000007aaa80000,0x00000007aaa80000,0x00000007ad380000)
 ParOldGen       total 174080K, used 86237K [0x00000006c0c00000, 0x00000006cb600000, 0x000000076af00000)
  object space 174080K, 49% used [0x00000006c0c00000,0x00000006c6037440,0x00000006cb600000)
 Metaspace       used 47739K, capacity 48498K, committed 48984K, reserved 1091584K
  class space    used 6521K, capacity 6747K, committed 6784K, reserved 1048576K

Card table byte_map: [0x0000000011bf0000,0x00000000123f0000] byte_map_base: 0x000000000e5ea000

Marking Bits: (ParMarkBitMap*) 0x000000006efa3e30
 Begin Bits: [0x0000000012d50000, 0x0000000016d20000)
 End Bits:   [0x0000000016d20000, 0x000000001acf0000)

Polling page: 0x0000000000d00000

CodeCache: size=245760Kb used=16121Kb max_used=17089Kb free=229639Kb
 bounds [0x0000000002830000, 0x0000000003900000, 0x0000000011830000]
 total_blobs=5532 nmethods=4775 adapters=669
 compilation: enabled

Compilation events (10 events):
Event: 28.411 Thread 0x000000001d5e5800 nmethod 6227 0x000000000316c110 code [0x000000000316c6e0, 0x0000000003171568]
Event: 28.411 Thread 0x000000001d5e5800 6228       3       sun.awt.geom.Edge::compareTo (118 bytes)
Event: 28.411 Thread 0x000000001d5e5800 nmethod 6228 0x000000000316b650 code [0x000000000316b7e0, 0x000000000316bd88]
Event: 28.411 Thread 0x000000001d5e5800 6229       3       sun.awt.geom.Order1::<init> (61 bytes)
Event: 28.412 Thread 0x000000001d5e5800 nmethod 6229 0x000000000336aa10 code [0x000000000336ab80, 0x000000000336ae30]
Event: 28.413 Thread 0x000000001d5e2800 6230       4       net.minecraft.world.biome.Biome::getBiome (15 bytes)
Event: 28.414 Thread 0x000000001d5e5800 6231       3       net.minecraft.world.gen.structure.MapGenScatteredFeature::canSpawnStructureAtCoords (215 bytes)
Event: 28.415 Thread 0x000000001d5e5800 nmethod 6231 0x0000000002d65310 code [0x0000000002d65560, 0x0000000002d665a8]
Event: 28.416 Thread 0x000000001d5e2800 nmethod 6230 0x0000000002d45650 code [0x0000000002d457c0, 0x0000000002d45af8]
Event: 28.420 Thread 0x000000001be93800 6232   !   4       net.minecraftforge.fml.common.eventhandler.EventBus::post (99 bytes)

GC Heap History (10 events):
Event: 26.791 GC heap before
{Heap before GC invocations=42 (full 16):
 PSYoungGen      total 1085952K, used 47766K [0x000000076af00000, 0x00000007afc80000, 0x00000007c0000000)
  eden space 1043968K, 4% used [0x000000076af00000,0x000000076dda5958,0x00000007aaa80000)
  from space 41984K, 0% used [0x00000007aaa80000,0x00000007aaa80000,0x00000007ad380000)
  to   space 41984K, 0% used [0x00000007ad380000,0x00000007ad380000,0x00000007afc80000)
 ParOldGen       total 174080K, used 83001K [0x00000006c0c00000, 0x00000006cb600000, 0x000000076af00000)
  object space 174080K, 47% used [0x00000006c0c00000,0x00000006c5d0e540,0x00000006cb600000)
 Metaspace       used 47581K, capacity 48434K, committed 48728K, reserved 1091584K
  class space    used 6513K, capacity 6747K, committed 6784K, reserved 1048576K
Event: 26.795 GC heap after
Heap after GC invocations=42 (full 16):
 PSYoungGen      total 1085952K, used 192K [0x000000076af00000, 0x00000007afc80000, 0x00000007c0000000)
  eden space 1043968K, 0% used [0x000000076af00000,0x000000076af00000,0x00000007aaa80000)
  from space 41984K, 0% used [0x00000007ad380000,0x00000007ad3b0000,0x00000007afc80000)
  to   space 41984K, 0% used [0x00000007aaa80000,0x00000007aaa80000,0x00000007ad380000)
 ParOldGen       total 174080K, used 83001K [0x00000006c0c00000, 0x00000006cb600000, 0x000000076af00000)
  object space 174080K, 47% used [0x00000006c0c00000,0x00000006c5d0e540,0x00000006cb600000)
 Metaspace       used 47581K, capacity 48434K, committed 48728K, reserved 1091584K
  class space    used 6513K, capacity 6747K, committed 6784K, reserved 1048576K
}
Event: 26.795 GC heap before
{Heap before GC invocations=43 (full 17):
 PSYoungGen      total 1085952K, used 192K [0x000000076af00000, 0x00000007afc80000, 0x00000007c0000000)
  eden space 1043968K, 0% used [0x000000076af00000,0x000000076af00000,0x00000007aaa80000)
  from space 41984K, 0% used [0x00000007ad380000,0x00000007ad3b0000,0x00000007afc80000)
  to   space 41984K, 0% used [0x00000007aaa80000,0x00000007aaa80000,0x00000007ad380000)
 ParOldGen       total 174080K, used 83001K [0x00000006c0c00000, 0x00000006cb600000, 0x000000076af00000)
  object space 174080K, 47% used [0x00000006c0c00000,0x00000006c5d0e540,0x00000006cb600000)
 Metaspace       used 47581K, capacity 48434K, committed 48728K, reserved 1091584K
  class space    used 6513K, capacity 6747K, committed 6784K, reserved 1048576K
Event: 27.083 GC heap after
Heap after GC invocations=43 (full 17):
 PSYoungGen      total 1085952K, used 0K [0x000000076af00000, 0x00000007afc80000, 0x00000007c0000000)
  eden space 1043968K, 0% used [0x000000076af00000,0x000000076af00000,0x00000007aaa80000)
  from space 41984K, 0% used [0x00000007ad380000,0x00000007ad380000,0x00000007afc80000)
  to   space 41984K, 0% used [0x00000007aaa80000,0x00000007aaa80000,0x00000007ad380000)
 ParOldGen       total 174080K, used 82499K [0x00000006c0c00000, 0x00000006cb600000, 0x000000076af00000)
  object space 174080K, 47% used [0x00000006c0c00000,0x00000006c5c90df0,0x00000006cb600000)
 Metaspace       used 47581K, capacity 48434K, committed 48728K, reserved 1091584K
  class space    used 6513K, capacity 6747K, committed 6784K, reserved 1048576K
}
Event: 27.583 GC heap before
{Heap before GC invocations=44 (full 17):
 PSYoungGen      total 1085952K, used 63252K [0x000000076af00000, 0x00000007afc80000, 0x00000007c0000000)
  eden space 1043968K, 6% used [0x000000076af00000,0x000000076ecc50b8,0x00000007aaa80000)
  from space 41984K, 0% used [0x00000007ad380000,0x00000007ad380000,0x00000007afc80000)
  to   space 41984K, 0% used [0x00000007aaa80000,0x00000007aaa80000,0x00000007ad380000)
 ParOldGen       total 174080K, used 82499K [0x00000006c0c00000, 0x00000006cb600000, 0x000000076af00000)
  object space 174080K, 47% used [0x00000006c0c00000,0x00000006c5c90df0,0x00000006cb600000)
 Metaspace       used 47709K, capacity 48498K, committed 48984K, reserved 1091584K
  class space    used 6520K, capacity 6747K, committed 6784K, reserved 1048576K
Event: 27.586 GC heap after
Heap after GC invocations=44 (full 17):
 PSYoungGen      total 1085952K, used 4212K [0x000000076af00000, 0x00000007afc80000, 0x00000007c0000000)
  eden space 1043968K, 0% used [0x000000076af00000,0x000000076af00000,0x00000007aaa80000)
  from space 41984K, 10% used [0x00000007aaa80000,0x00000007aae9d0b8,0x00000007ad380000)
  to   space 41984K, 0% used [0x00000007ad380000,0x00000007ad380000,0x00000007afc80000)
 ParOldGen       total 174080K, used 82507K [0x00000006c0c00000, 0x00000006cb600000, 0x000000076af00000)
  object space 174080K, 47% used [0x00000006c0c00000,0x00000006c5c92df0,0x00000006cb600000)
 Metaspace       used 47709K, capacity 48498K, committed 48984K, reserved 1091584K
  class space    used 6520K, capacity 6747K, committed 6784K, reserved 1048576K
}
Event: 27.586 GC heap before
{Heap before GC invocations=45 (full 18):
 PSYoungGen      total 1085952K, used 4212K [0x000000076af00000, 0x00000007afc80000, 0x00000007c0000000)
  eden space 1043968K, 0% used [0x000000076af00000,0x000000076af00000,0x00000007aaa80000)
  from space 41984K, 10% used [0x00000007aaa80000,0x00000007aae9d0b8,0x00000007ad380000)
  to   space 41984K, 0% used [0x00000007ad380000,0x00000007ad380000,0x00000007afc80000)
 ParOldGen       total 174080K, used 82507K [0x00000006c0c00000, 0x00000006cb600000, 0x000000076af00000)
  object space 174080K, 47% used [0x00000006c0c00000,0x00000006c5c92df0,0x00000006cb600000)
 Metaspace       used 47709K, capacity 48498K, committed 48984K, reserved 1091584K
  class space    used 6520K, capacity 6747K, committed 6784K, reserved 1048576K
Event: 27.992 GC heap after
Heap after GC invocations=45 (full 18):
 PSYoungGen      total 1085952K, used 0K [0x000000076af00000, 0x00000007afc80000, 0x00000007c0000000)
  eden space 1043968K, 0% used [0x000000076af00000,0x000000076af00000,0x00000007aaa80000)
  from space 41984K, 0% used [0x00000007aaa80000,0x00000007aaa80000,0x00000007ad380000)
  to   space 41984K, 0% used [0x00000007ad380000,0x00000007ad380000,0x00000007afc80000)
 ParOldGen       total 174080K, used 86237K [0x00000006c0c00000, 0x00000006cb600000, 0x000000076af00000)
  object space 174080K, 49% used [0x00000006c0c00000,0x00000006c6037440,0x00000006cb600000)
 Metaspace       used 47709K, capacity 48498K, committed 48984K, reserved 1091584K
  class space    used 6520K, capacity 6747K, committed 6784K, reserved 1048576K
}
Event: 28.396 GC heap before
{Heap before GC invocations=46 (full 18):
 PSYoungGen      total 1085952K, used 45246K [0x000000076af00000, 0x00000007afc80000, 0x00000007c0000000)
  eden space 1043968K, 4% used [0x000000076af00000,0x000000076db2fbe8,0x00000007aaa80000)
  from space 41984K, 0% used [0x00000007aaa80000,0x00000007aaa80000,0x00000007ad380000)
  to   space 41984K, 0% used [0x00000007ad380000,0x00000007ad380000,0x00000007afc80000)
 ParOldGen       total 174080K, used 86237K [0x00000006c0c00000, 0x00000006cb600000, 0x000000076af00000)
  object space 174080K, 49% used [0x00000006c0c00000,0x00000006c6037440,0x00000006cb600000)
 Metaspace       used 47735K, capacity 48498K, committed 48984K, reserved 1091584K
  class space    used 6521K, capacity 6747K, committed 6784K, reserved 1048576K
Event: 28.401 GC heap after
Heap after GC invocations=46 (full 18):
 PSYoungGen      total 1085952K, used 2848K [0x000000076af00000, 0x00000007afc80000, 0x00000007c0000000)
  eden space 1043968K, 0% used [0x000000076af00000,0x000000076af00000,0x00000007aaa80000)
  from space 41984K, 6% used [0x00000007ad380000,0x00000007ad648000,0x00000007afc80000)
  to   space 41984K, 0% used [0x00000007aaa80000,0x00000007aaa80000,0x00000007ad380000)
 ParOldGen       total 174080K, used 86237K [0x00000006c0c00000, 0x00000006cb600000, 0x000000076af00000)
  object space 174080K, 49% used [0x00000006c0c00000,0x00000006c6037440,0x00000006cb600000)
 Metaspace       used 47735K, capacity 48498K, committed 48984K, reserved 1091584K
  class space    used 6521K, capacity 6747K, committed 6784K, reserved 1048576K
}

Deoptimization events (10 events):
Event: 27.272 Thread 0x000000001f3c0000 Uncommon trap: reason=unstable_if action=reinterpret pc=0x00000000038c0448 method=net.minecraft.util.BitArray.getAt(I)I @ 49
Event: 27.272 Thread 0x000000001f3c0000 Uncommon trap: reason=unstable_if action=reinterpret pc=0x00000000038c0e64 method=net.minecraft.util.BitArray.getAt(I)I @ 49
Event: 27.272 Thread 0x000000001f3c0000 Uncommon trap: reason=class_check action=maybe_recompile pc=0x0000000003883a50 method=net.minecraft.world.chunk.BlockStateContainer.get(I)Lnet/minecraft/block/state/IBlockState; @ 12
Event: 27.272 Thread 0x000000001f3c0000 Uncommon trap: reason=unstable_if action=reinterpret pc=0x000000000388061c method=net.minecraft.util.BitArray.getAt(I)I @ 49
Event: 27.396 Thread 0x000000001f3c0000 Uncommon trap: reason=unstable_if action=reinterpret pc=0x00000000038c3ee0 method=net.minecraft.util.BitArray.getAt(I)I @ 49
Event: 27.522 Thread 0x000000001f3c0000 Uncommon trap: reason=unloaded action=reinterpret pc=0x00000000037bf714 method=net.minecraft.nbt.NBTBase.createNewByType(B)Lnet/minecraft/nbt/NBTBase; @ 84
Event: 27.525 Thread 0x000000001f3c0000 Uncommon trap: reason=unstable_if action=reinterpret pc=0x00000000038cc9bc method=net.minecraft.util.IntIdentityHashBiMap.getIndex(Ljava/lang/Object;I)I @ 8
Event: 27.526 Thread 0x000000001f3c0000 Uncommon trap: reason=unstable_if action=reinterpret pc=0x00000000033556a4 method=net.minecraft.nbt.NBTTagCompound.hasKey(Ljava/lang/String;I)Z @ 28
Event: 27.560 Thread 0x000000001f3c0000 Uncommon trap: reason=unstable_if action=reinterpret pc=0x00000000038ce4a4 method=net.minecraft.util.IntIdentityHashBiMap.getIndex(Ljava/lang/Object;I)I @ 8
Event: 28.406 Thread 0x000000001f3c0000 Uncommon trap: reason=unloaded action=reinterpret pc=0x00000000038b0440 method=net.minecraft.world.gen.structure.MapGenScatteredFeature.canSpawnStructureAtCoords(II)Z @ 134

Classes redefined (0 events):
No events

Internal exceptions (10 events):
Event: 19.740 Thread 0x000000001f3c0000 Implicit null exception at 0x0000000003055c36 to 0x0000000003055fd1
Event: 19.740 Thread 0x000000001f3c0000 Implicit null exception at 0x00000000030d0e26 to 0x00000000030d14a9
Event: 20.926 Thread 0x000000001f3c0000 Implicit null exception at 0x000000000358b6bf to 0x000000000358b881
Event: 20.926 Thread 0x000000001f3c0000 Implicit null exception at 0x000000000358c28c to 0x000000000358c7cb
Event: 21.038 Thread 0x000000001f3c0000 Exception <a 'java/lang/UnsatisfiedLinkError': io.netty.channel.epoll.Native.offsetofEpollData()I> (0x000000076cc6c150) thrown at [C:\re\workspace\8-2-build-windows-amd64-cygwin\jdk8u191\11896\hotspot\src\share\vm\prims\nativeLookup.cpp, line 378]
Event: 21.038 Thread 0x000000001f3c0000 Exception <a 'java/lang/ExceptionInInitializerError'> (0x000000076cc6e6d0) thrown at [C:\re\workspace\8-2-build-windows-amd64-cygwin\jdk8u191\11896\hotspot\src\share\vm\oops\instanceKlass.cpp, line 964]
Event: 21.371 Thread 0x000000001f3c0000 Implicit null exception at 0x0000000002df1acf to 0x0000000002df1bd9
Event: 21.544 Thread 0x000000001f3c0000 Exception <a 'java/io/FileNotFoundException'> (0x000000076f068af0) thrown at [C:\re\workspace\8-2-build-windows-amd64-cygwin\jdk8u191\11896\hotspot\src\share\vm\prims\jni.cpp, line 709]
Event: 21.579 Thread 0x000000001f3c0000 Exception <a 'java/io/FileNotFoundException'> (0x000000076f0d0e28) thrown at [C:\re\workspace\8-2-build-windows-amd64-cygwin\jdk8u191\11896\hotspot\src\share\vm\prims\jni.cpp, line 709]
Event: 21.590 Thread 0x000000001f3c0000 Exception <a 'java/io/FileNotFoundException'> (0x000000076f198c38) thrown at [C:\re\workspace\8-2-build-windows-amd64-cygwin\jdk8u191\11896\hotspot\src\share\vm\prims\jni.cpp, line 709]

Events (10 events):
Event: 28.379 Thread 0x000000001f3c0000 DEOPT UNPACKING pc=0x0000000002877890 sp=0x000000002fdddbb0 mode 0
Event: 28.396 Executing VM operation: ParallelGCSystemGC
Event: 28.396 Executing VM operation: ParallelGCSystemGC done
Event: 28.396 Executing VM operation: ParallelGCSystemGC
Event: 28.401 Executing VM operation: ParallelGCSystemGC done
Event: 28.405 Thread 0x000000001f3c0000 Uncommon trap: trap_request=0x00000088 fr.pc=0x00000000038b0440
Event: 28.406 Thread 0x000000001f3c0000 DEOPT PACKING pc=0x00000000038b0440 sp=0x000000002fddeb60
Event: 28.406 Thread 0x000000001f3c0000 DEOPT UNPACKING pc=0x000000000287583b sp=0x000000002fddeb00 mode 2
Event: 28.406 loading class net/minecraft/world/biome/BiomeCache$Block
Event: 28.406 loading class net/minecraft/world/biome/BiomeCache$Block done


Dynamic libraries:
0x00007ff743c80000 - 0x00007ff743cb7000 	C:\Program Files\Java\jdk1.8.0_191\bin\java.exe
0x00007ffdb0130000 - 0x00007ffdb031d000 	C:\Windows\SYSTEM32\ntdll.dll
0x00007ffdaf9c0000 - 0x00007ffdafa73000 	C:\Windows\System32\KERNEL32.DLL
0x00007ffdac3a0000 - 0x00007ffdac633000 	C:\Windows\System32\KERNELBASE.dll
0x00007ffdaf040000 - 0x00007ffdaf0e3000 	C:\Windows\System32\ADVAPI32.dll
0x00007ffdafbd0000 - 0x00007ffdafc6e000 	C:\Windows\System32\msvcrt.dll
0x00007ffdad860000 - 0x00007ffdad8fe000 	C:\Windows\System32\sechost.dll
0x00007ffdaee00000 - 0x00007ffdaef22000 	C:\Windows\System32\RPCRT4.dll
0x00007ffdaf420000 - 0x00007ffdaf5b7000 	C:\Windows\System32\USER32.dll
0x00007ffdad220000 - 0x00007ffdad240000 	C:\Windows\System32\win32u.dll
0x00007ffdaf640000 - 0x00007ffdaf669000 	C:\Windows\System32\GDI32.dll
0x00007ffdac200000 - 0x00007ffdac39a000 	C:\Windows\System32\gdi32full.dll
0x00007ffdad120000 - 0x00007ffdad1c0000 	C:\Windows\System32\msvcp_win.dll
0x00007ffdad020000 - 0x00007ffdad11a000 	C:\Windows\System32\ucrtbase.dll
0x00007ffd99af0000 - 0x00007ffd99d69000 	C:\Windows\WinSxS\amd64_microsoft.windows.common-controls_6595b64144ccf1df_6.0.17763.503_none_05b23ef40721f4ae\COMCTL32.dll
0x00007ffdaf0f0000 - 0x00007ffdaf41c000 	C:\Windows\System32\combase.dll
0x00007ffdad2b0000 - 0x00007ffdad32e000 	C:\Windows\System32\bcryptPrimitives.dll
0x00007ffdafaf0000 - 0x00007ffdafb1e000 	C:\Windows\System32\IMM32.DLL
0x000000006f030000 - 0x000000006f102000 	C:\Program Files\Java\jdk1.8.0_191\jre\bin\msvcr100.dll
0x000000006e780000 - 0x000000006f024000 	C:\Program Files\Java\jdk1.8.0_191\jre\bin\server\jvm.dll
0x00007ffdafcd0000 - 0x00007ffdafcd8000 	C:\Windows\System32\PSAPI.DLL
0x00007ffda8c40000 - 0x00007ffda8c49000 	C:\Windows\SYSTEM32\WSOCK32.dll
0x00007ffdafa80000 - 0x00007ffdafaed000 	C:\Windows\System32\WS2_32.dll
0x00007ffdaa350000 - 0x00007ffdaa374000 	C:\Windows\SYSTEM32\WINMM.dll
0x00007ffda6900000 - 0x00007ffda690a000 	C:\Windows\SYSTEM32\VERSION.dll
0x00007ffdaa200000 - 0x00007ffdaa22d000 	C:\Windows\SYSTEM32\WINMMBASE.dll
0x00007ffdad240000 - 0x00007ffdad28a000 	C:\Windows\System32\cfgmgr32.dll
0x000000006e770000 - 0x000000006e77f000 	C:\Program Files\Java\jdk1.8.0_191\jre\bin\verify.dll
0x000000006e740000 - 0x000000006e769000 	C:\Program Files\Java\jdk1.8.0_191\jre\bin\java.dll
0x000000006e720000 - 0x000000006e736000 	C:\Program Files\Java\jdk1.8.0_191\jre\bin\zip.dll
0x00007ffdad900000 - 0x00007ffdaedf0000 	C:\Windows\System32\SHELL32.dll
0x00007ffdaef90000 - 0x00007ffdaf038000 	C:\Windows\System32\shcore.dll
0x00007ffdac820000 - 0x00007ffdacf6a000 	C:\Windows\System32\windows.storage.dll
0x00007ffdac130000 - 0x00007ffdac154000 	C:\Windows\System32\profapi.dll
0x00007ffdac1a0000 - 0x00007ffdac1fd000 	C:\Windows\System32\powrprof.dll
0x00007ffdafc70000 - 0x00007ffdafcc2000 	C:\Windows\System32\shlwapi.dll
0x00007ffdac180000 - 0x00007ffdac191000 	C:\Windows\System32\kernel.appcore.dll
0x00007ffdad290000 - 0x00007ffdad2a7000 	C:\Windows\System32\cryptsp.dll
0x000000006e6d0000 - 0x000000006e6dd000 	C:\Program Files\Java\jdk1.8.0_191\jre\bin\management.dll
0x000000006e700000 - 0x000000006e71a000 	C:\Program Files\Java\jdk1.8.0_191\jre\bin\net.dll
0x00007ffdab9b0000 - 0x00007ffdaba17000 	C:\Windows\system32\mswsock.dll
0x00007ffd97d30000 - 0x00007ffd97d46000 	C:\Windows\system32\napinsp.dll
0x00007ffd8b6c0000 - 0x00007ffd8b6da000 	C:\Windows\system32\pnrpnsp.dll
0x00007ffdab750000 - 0x00007ffdab816000 	C:\Windows\SYSTEM32\DNSAPI.dll
0x00007ffdaedf0000 - 0x00007ffdaedf8000 	C:\Windows\System32\NSI.dll
0x00007ffdab710000 - 0x00007ffdab74d000 	C:\Windows\SYSTEM32\IPHLPAPI.DLL
0x00007ffd995e0000 - 0x00007ffd995ee000 	C:\Windows\System32\winrnr.dll
0x00007ffda8bf0000 - 0x00007ffda8c0b000 	C:\Windows\system32\NLAapi.dll
0x00007ffd92fb0000 - 0x00007ffd92fc5000 	C:\Windows\system32\wshbth.dll
0x00007ffda1da0000 - 0x00007ffda1daa000 	C:\Windows\System32\rasadhlp.dll
0x00007ffda6790000 - 0x00007ffda6809000 	C:\Windows\System32\fwpuclnt.dll
0x00007ffdad330000 - 0x00007ffdad356000 	C:\Windows\System32\bcrypt.dll
0x000000006e6e0000 - 0x000000006e6f1000 	C:\Program Files\Java\jdk1.8.0_191\jre\bin\nio.dll
0x00007ffdab570000 - 0x00007ffdab5a3000 	C:\Windows\system32\rsaenh.dll
0x00007ffdac060000 - 0x00007ffdac088000 	C:\Windows\SYSTEM32\USERENV.dll
0x00007ffdabb80000 - 0x00007ffdabb8c000 	C:\Windows\SYSTEM32\CRYPTBASE.dll
0x00007ffda6c00000 - 0x00007ffda6c16000 	C:\Windows\SYSTEM32\dhcpcsvc6.DLL
0x00007ffda6b60000 - 0x00007ffda6b7c000 	C:\Windows\SYSTEM32\dhcpcsvc.DLL
0x00007ffd8b9a0000 - 0x00007ffd8b9e2000 	C:\Users\Tristan Jay\AppData\Local\Temp\jna--1041339461\jna8861415515920728865.dll
0x000000006b560000 - 0x000000006b6f9000 	C:\Program Files\Java\jdk1.8.0_191\jre\bin\awt.dll
0x00007ffdafd00000 - 0x00007ffdafdc4000 	C:\Windows\System32\OLEAUT32.dll
0x00007ffdaa490000 - 0x00007ffdaa51c000 	C:\Windows\SYSTEM32\apphelp.dll
0x00007ffdaa770000 - 0x00007ffdaa80c000 	C:\Windows\system32\uxtheme.dll
0x00007ffdaff90000 - 0x00007ffdb00fa000 	C:\Windows\System32\MSCTF.dll
0x00007ffdaaaa0000 - 0x00007ffdaaace000 	C:\Windows\system32\dwmapi.dll
0x00007ffdac640000 - 0x00007ffdac81b000 	C:\Windows\System32\CRYPT32.dll
0x00007ffdac160000 - 0x00007ffdac172000 	C:\Windows\System32\MSASN1.dll
0x00007ffdafe30000 - 0x00007ffdaff85000 	C:\Windows\System32\ole32.dll
0x000000006b510000 - 0x000000006b557000 	C:\Program Files\Java\jdk1.8.0_191\jre\bin\fontmanager.dll
0x00007ffd85790000 - 0x00007ffd858b7000 	C:\Windows\system32\opengl32.dll
0x00007ffd99da0000 - 0x00007ffd99dcc000 	C:\Windows\SYSTEM32\GLU32.dll
0x00007ffd9ad10000 - 0x00007ffd9aeae000 	C:\Windows\system32\d3d9.dll
0x00007ffda6810000 - 0x00007ffda68fb000 	C:\Windows\System32\DriverStore\FileRepository\nv_ref_pubwu.inf_amd64_708ec8f9a4d134c6\nvldumdx.dll
0x00007ffdad1c0000 - 0x00007ffdad219000 	C:\Windows\System32\WINTRUST.DLL
0x00007ffdafce0000 - 0x00007ffdafcfd000 	C:\Windows\System32\imagehlp.dll
0x00007ffd65b90000 - 0x00007ffd66d9d000 	C:\Windows\System32\DriverStore\FileRepository\nv_ref_pubwu.inf_amd64_708ec8f9a4d134c6\nvd3dumx.dll
0x00007ffda3360000 - 0x00007ffda344c000 	C:\Program Files (x86)\NVIDIA Corporation\3D Vision\nvSCPAPI64.dll
0x00007ffdad3e0000 - 0x00007ffdad856000 	C:\Windows\System32\SETUPAPI.dll
0x000000006b4c0000 - 0x000000006b502000 	C:\Program Files\Java\jdk1.8.0_191\jre\bin\t2k.dll
0x00007ffdafb20000 - 0x00007ffdafbc2000 	C:\Windows\System32\clbcatq.dll
0x00007ffda71a0000 - 0x00007ffda7358000 	C:\Windows\SYSTEM32\WindowsCodecs.dll
0x00007ffd99f50000 - 0x00007ffd99fa6000 	C:\Windows\system32\dataexchange.dll
0x00007ffda9ba0000 - 0x00007ffda9d63000 	C:\Windows\system32\dcomp.dll
0x00007ffdaaeb0000 - 0x00007ffdaaf72000 	C:\Windows\system32\dxgi.dll
0x00007ffda9350000 - 0x00007ffda95ce000 	C:\Windows\system32\d3d11.dll
0x00007ffdaa840000 - 0x00007ffdaaa4d000 	C:\Windows\system32\twinapi.appcore.dll
0x00007ffdaaa50000 - 0x00007ffdaaa78000 	C:\Windows\system32\RMCLIENT.dll

VM Arguments:
jvm_args: -Dfile.encoding=windows-1252 -Duser.country=US -Duser.language=en -Duser.variant 
java_command: GradleStartServer
java_class_path (initial): C:\Users\Tristan Jay\.gradle\caches\minecraft\deobfedDeps\compileDummy.jar;C:\Users\Tristan Jay\.gradle\caches\minecraft\deobfedDeps\providedDummy.jar;C:\Users\Tristan Jay\.gradle\caches\minecraft\net\minecraftforge\forge\1.12.2-14.23.5.2836\snapshot\20171003\forgeSrc-1.12.2-14.23.5.2836.jar;C:\Users\Tristan Jay\.gradle\caches\modules-2\files-2.1\com.google.code.findbugs\jsr305\3.0.1\f7be08ec23c21485b9b5a1cf1654c2ec8c58168d\jsr305-3.0.1.jar;C:\Users\Tristan Jay\.gradle\caches\modules-2\files-2.1\com.mojang\patchy\1.1\aef610b34a1be37fa851825f12372b78424d8903\patchy-1.1.jar;C:\Users\Tristan Jay\.gradle\caches\modules-2\files-2.1\oshi-project\oshi-core\1.1\9ddf7b048a8d701be231c0f4f95fd986198fd2d8\oshi-core-1.1.jar;C:\Users\Tristan Jay\.gradle\caches\modules-2\files-2.1\net.java.dev.jna\jna\4.4.0\cb208278274bf12ebdb56c61bd7407e6f774d65a\jna-4.4.0.jar;C:\Users\Tristan Jay\.gradle\caches\modules-2\files-2.1\net.java.dev.jna\platform\3.4.0\e3f70017be8100d3d6923f50b3d2ee17714e9c13\platform-3.4.0.jar;C:\Users\Tristan Jay\.gradle\caches\modules-2\files-2.1\com.ibm.icu\icu4j-core-mojang\51.2\63d216a9311cca6be337c1e458e587f99d382b84\icu4j-core-mojang-51.2.jar;C:\Users\Tristan Jay\.gradle\caches\modules-2\files-2.1\net.sf.jopt-simple\jopt-simple\5.0.3\cdd846cfc4e0f7eefafc02c0f5dce32b9303aa2a\jopt-simple-5.0.3.jar;C:\Users\Tristan Jay\.gradle\caches\modules-2\files-2.1\io.netty\netty-all\4.1.9.Final\97860965d6a0a6b98e7f569f3f966727b8db75\netty-all-4.1.9.Final.jar;C:\Users\Tristan Jay\.gradle\caches\modules-2\files-2.1\com.google.guava\guava\21.0\3a3d111be1be1b745edfa7d91678a12d7ed38709\guava-21.0.jar;C:\Users\Tristan Jay\.gradle\caches\modules-2\files-2.1\org.apache.commons\commons-lang3\3.5\6c6c702c89bfff3cd9e80b04d668c5e190d588c6\commons-lang3-3.5.jar;C:\Users\Tristan Jay\.gradle\caches\modules-2\files-2.1\commons-io\commons-io\2.5\2852e6e05fbb95076fc091f6d1780f1f8fe35e0f\commons-io-2.5.jar;C:\Users\Tristan Jay\.gradle\caches\modules-2\files-2.1\com
Launcher Type: SUN_STANDARD

Environment Variables:
PATH=C:\Program Files (x86)\Common Files\Oracle\Java\javapath;C:\Windows\system32;C:\Windows;C:\Windows\System32\Wbem;C:\Windows\System32\WindowsPowerShell\v1.0\;C:\Windows\System32\OpenSSH\;C:\Program Files (x86)\NVIDIA Corporation\PhysX\Common;C:\Users\Tristan Jay\AppData\Local\Microsoft\WindowsApps;
USERNAME=Tristan Jay
OS=Windows_NT
PROCESSOR_IDENTIFIER=Intel64 Family 6 Model 60 Stepping 3, GenuineIntel



---------------  S Y S T E M  ---------------

OS: Windows 10.0 , 64 bit Build 17763 (10.0.17763.475)

CPU:total 4 (initial active 4) (4 cores per cpu, 1 threads per core) family 6 model 60 stepping 3, cmov, cx8, fxsr, mmx, sse, sse2, sse3, ssse3, sse4.1, sse4.2, popcnt, avx, avx2, aes, clmul, erms, lzcnt, tsc, tscinvbit, bmi1, bmi2

Memory: 4k page, physical 16721936k(7153744k free), swap 16721936k(4096k free)

vm_info: Java HotSpot(TM) 64-Bit Server VM (25.191-b12) for windows-amd64 JRE (1.8.0_191-b12), built on Oct  6 2018 09:29:03 by "java_re" with MS VC++ 10.0 (VS2010)

time: Wed Jun 05 15:57:36 2019
elapsed time: 28 seconds (0d 0h 0m 28s)

